<?xml version="1.0" encoding="UTF-8"?>
<!-- Generated by org.testng.reporters.JUnitReportReporter -->
<testsuite hostname="LTIN518281" failures="0" tests="1" name="testCases.TC_05" time="32.048" errors="0" timestamp="2024-04-09T17:02:37 IST" skipped="0">
  <testcase classname="testCases.TC_05" name="endToEnd" time="32.048"/>
</testsuite> <!-- testCases.TC_05 -->
