<?xml version="1.0" encoding="UTF-8"?>
<!-- Generated by org.testng.reporters.JUnitReportReporter -->
<testsuite hostname="LTIN518281" failures="0" tests="2" name="testCases.TC_03" time="8.354" errors="0" timestamp="2024-04-09T17:02:37 IST" skipped="0">
  <testcase classname="testCases.TC_03" name="checkDemoPageOpened" time="7.688"/>
  <testcase classname="testCases.TC_03" name="validateForm_Invalid_Detials" time="0.666"/>
</testsuite> <!-- testCases.TC_03 -->
