<?xml version="1.0" encoding="UTF-8"?>
<!-- Generated by org.testng.reporters.JUnitReportReporter -->
<testsuite hostname="LTIN518281" failures="0" tests="4" name="testCases.TC_01" time="19.731" errors="0" timestamp="2024-04-09T17:02:37 IST" skipped="0">
  <testcase classname="testCases.TC_01" name="checkSpecialist" time="0.197"/>
  <testcase classname="testCases.TC_01" name="checkLocations" time="6.229"/>
  <testcase classname="testCases.TC_01" name="checkUrl" time="0.248"/>
  <testcase classname="testCases.TC_01" name="checkDoctorDetials" time="13.057"/>
</testsuite> <!-- testCases.TC_01 -->
