<?xml version="1.0" encoding="UTF-8"?>
<!-- Generated by org.testng.reporters.JUnitReportReporter -->
<testsuite hostname="LTIN518281" failures="0" tests="2" name="testCases.TC_04" time="8.530" errors="0" timestamp="2024-04-09T17:02:37 IST" skipped="0">
  <testcase classname="testCases.TC_04" name="checkDemoPageOpened" time="7.413"/>
  <testcase classname="testCases.TC_04" name="validateForm_Valid_Detials" time="1.117"/>
</testsuite> <!-- testCases.TC_04 -->
