<?xml version="1.0" encoding="UTF-8"?>
<!-- Generated by org.testng.reporters.JUnitReportReporter -->
<testsuite hostname="LTIN518281" failures="0" tests="2" name="testCases.TC_02" time="2.012" errors="0" timestamp="2024-04-09T17:02:37 IST" skipped="0">
  <testcase classname="testCases.TC_02" name="checkSurgiersPageOpened" time="1.561"/>
  <testcase classname="testCases.TC_02" name="printSurgeries" time="0.451"/>
</testsuite> <!-- testCases.TC_02 -->
